<?xml version="1.0" encoding="UTF-8"?>
<!-- Generated by org.testng.reporters.JUnitXMLReporter -->
<testsuite ignored="0" hostname="Deepa-123" failures="0" tests="3" name="Test" time="53.982" errors="0" timestamp="2024-12-06T15:42:07 IST">
  <testcase classname="DeepaLearnings_Tests.SubmitOrderTest" name="submitOrder" time="16.719"/>
  <testcase classname="DeepaLearnings_Tests.SubmitOrderTest" name="submitOrder" time="20.784"/>
  <testcase classname="DeepaLearnings_Tests.SubmitOrderTest" name="checkOrders" time="7.558"/>
</testsuite> <!-- Test -->
