<?xml version="1.0" encoding="UTF-8"?>
<!-- Generated by org.testng.reporters.JUnitXMLReporter -->
<testsuite ignored="0" hostname="Deepa-123" failures="1" tests="2" name="Test1" time="14.023" errors="0" timestamp="2024-12-09T16:19:30 IST">
  <testcase classname="DeepaLearnings_Tests.ErrorValidationTest" name="LoginValidationTest" time="2.634"/>
  <testcase classname="DeepaLearnings_Tests.ErrorValidationTest" name="ProductValidationTest" time="5.788">
    <failure type="java.lang.NullPointerException" message="Cannot invoke &amp;quot;org.openqa.selenium.WebElement.findElement(org.openqa.selenium.By)&amp;quot; because &amp;quot;product&amp;quot; is null">
      <![CDATA[java.lang.NullPointerException: Cannot invoke "org.openqa.selenium.WebElement.findElement(org.openqa.selenium.By)" because "product" is null
at DeepaLearnings_PageObjects.ProductCatalogPage.addProductToCart(ProductCatalogPage.java:37)
at DeepaLearnings_Tests.ErrorValidationTest.ProductValidationTest(ErrorValidationTest.java:33)
at java.base/java.util.ArrayList.forEach(ArrayList.java:1596)
... Removed 25 stack frames]]>
    </failure>
  </testcase> <!-- ProductValidationTest -->
</testsuite> <!-- Test1 -->
