<?xml version="1.0" encoding="UTF-8"?>
<testng-results ignored="0" total="5" passed="4" failed="1" skipped="0">
  <reporter-output>
  </reporter-output>
  <suite started-at="2024-12-10T15:43:24 IST" name="Suite" finished-at="2024-12-10T15:44:29 IST" duration-ms="64662">
    <groups>
      <group name="Purchase">
        <method signature="SubmitOrderTest.submitOrder(java.util.HashMap)[pri:0, instance:DeepaLearnings.Tests.SubmitOrderTest@692f203f]" name="submitOrder" class="DeepaLearnings.Tests.SubmitOrderTest"/>
      </group> <!-- Purchase -->
      <group name="ErrorValidations">
        <method signature="ErrorValidationTest.LoginValidationTest(java.util.HashMap)[pri:0, instance:DeepaLearnings.Tests.ErrorValidationTest@1d296da]" name="LoginValidationTest" class="DeepaLearnings.Tests.ErrorValidationTest"/>
        <method signature="ErrorValidationTest.ProductValidationTest(java.lang.String,java.lang.String,java.lang.String,java.lang.String)[pri:0, instance:DeepaLearnings.Tests.ErrorValidationTest@1d296da]" name="ProductValidationTest" class="DeepaLearnings.Tests.ErrorValidationTest"/>
      </group> <!-- ErrorValidations -->
    </groups>
    <test started-at="2024-12-10T15:43:24 IST" name="Test" finished-at="2024-12-10T15:44:29 IST" duration-ms="64662">
      <class name="DeepaLearnings.Tests.SubmitOrderTest">
        <test-method is-config="true" signature="setUp()[pri:0, instance:DeepaLearnings.Tests.SubmitOrderTest@692f203f]" started-at="2024-12-10T15:43:25 IST" name="setUp" finished-at="2024-12-10T15:43:30 IST" duration-ms="4659" status="PASS">
          <reporter-output>
          </reporter-output>
        </test-method> <!-- setUp -->
        <test-method signature="submitOrder(java.util.HashMap)[pri:0, instance:DeepaLearnings.Tests.SubmitOrderTest@692f203f]" started-at="2024-12-10T15:43:30 IST" name="submitOrder" data-provider="getData" finished-at="2024-12-10T15:43:52 IST" duration-ms="22783" status="PASS">
          <params>
            <param index="0">
              <value>
                <![CDATA[{pwd=Kavya@1234, product=ZARA COAT 3, id=Hemansh@gmail.com}]]>
              </value>
            </param>
          </params>
          <reporter-output>
          </reporter-output>
        </test-method> <!-- submitOrder -->
        <test-method is-config="true" signature="teardown()[pri:0, instance:DeepaLearnings.Tests.SubmitOrderTest@692f203f]" started-at="2024-12-10T15:43:52 IST" name="teardown" finished-at="2024-12-10T15:43:53 IST" duration-ms="745" status="PASS">
          <reporter-output>
          </reporter-output>
        </test-method> <!-- teardown -->
        <test-method is-config="true" signature="setUp()[pri:0, instance:DeepaLearnings.Tests.SubmitOrderTest@692f203f]" started-at="2024-12-10T15:43:53 IST" name="setUp" finished-at="2024-12-10T15:43:59 IST" duration-ms="6150" status="PASS">
          <reporter-output>
          </reporter-output>
        </test-method> <!-- setUp -->
        <test-method signature="submitOrder(java.util.HashMap)[pri:0, instance:DeepaLearnings.Tests.SubmitOrderTest@692f203f]" started-at="2024-12-10T15:43:59 IST" name="submitOrder" data-provider="getData" finished-at="2024-12-10T15:44:22 IST" duration-ms="22583" status="PASS">
          <params>
            <param index="0">
              <value>
                <![CDATA[{pwd=Iamking@000, product=ADIDAS ORIGINAL, id=shetty@gmail.com}]]>
              </value>
            </param>
          </params>
          <reporter-output>
          </reporter-output>
        </test-method> <!-- submitOrder -->
        <test-method is-config="true" signature="teardown()[pri:0, instance:DeepaLearnings.Tests.SubmitOrderTest@692f203f]" started-at="2024-12-10T15:44:22 IST" name="teardown" finished-at="2024-12-10T15:44:22 IST" duration-ms="387" status="PASS">
          <reporter-output>
          </reporter-output>
        </test-method> <!-- teardown -->
        <test-method is-config="true" signature="setUp()[pri:0, instance:DeepaLearnings.Tests.SubmitOrderTest@692f203f]" started-at="2024-12-10T15:44:22 IST" name="setUp" finished-at="2024-12-10T15:44:24 IST" duration-ms="1923" status="PASS">
          <reporter-output>
          </reporter-output>
        </test-method> <!-- setUp -->
        <test-method signature="checkOrders()[pri:0, instance:DeepaLearnings.Tests.SubmitOrderTest@692f203f]" started-at="2024-12-10T15:44:24 IST" name="checkOrders" finished-at="2024-12-10T15:44:29 IST" depends-on-methods="DeepaLearnings.Tests.SubmitOrderTest.submitOrder" duration-ms="4458" status="PASS">
          <reporter-output>
          </reporter-output>
        </test-method> <!-- checkOrders -->
        <test-method is-config="true" signature="teardown()[pri:0, instance:DeepaLearnings.Tests.SubmitOrderTest@692f203f]" started-at="2024-12-10T15:44:29 IST" name="teardown" finished-at="2024-12-10T15:44:29 IST" duration-ms="352" status="PASS">
          <reporter-output>
          </reporter-output>
        </test-method> <!-- teardown -->
      </class> <!-- DeepaLearnings.Tests.SubmitOrderTest -->
      <class name="DeepaLearnings.Tests.ErrorValidationTest">
        <test-method is-config="true" signature="setUp()[pri:0, instance:DeepaLearnings.Tests.ErrorValidationTest@1d296da]" started-at="2024-12-10T15:43:24 IST" name="setUp" finished-at="2024-12-10T15:43:30 IST" duration-ms="5184" status="PASS">
          <reporter-output>
          </reporter-output>
        </test-method> <!-- setUp -->
        <test-method signature="LoginValidationTest(java.util.HashMap)[pri:0, instance:DeepaLearnings.Tests.ErrorValidationTest@1d296da]" started-at="2024-12-10T15:43:30 IST" name="LoginValidationTest" data-provider="LoginValidationTest_Data" finished-at="2024-12-10T15:43:37 IST" duration-ms="7080" status="PASS">
          <params>
            <param index="0">
              <value>
                <![CDATA[{password=Kavya@123, email=Hemansh@gmail.com}]]>
              </value>
            </param>
          </params>
          <reporter-output>
          </reporter-output>
        </test-method> <!-- LoginValidationTest -->
        <test-method is-config="true" signature="teardown()[pri:0, instance:DeepaLearnings.Tests.ErrorValidationTest@1d296da]" started-at="2024-12-10T15:43:37 IST" name="teardown" finished-at="2024-12-10T15:43:38 IST" duration-ms="875" status="PASS">
          <reporter-output>
          </reporter-output>
        </test-method> <!-- teardown -->
        <test-method is-config="true" signature="setUp()[pri:0, instance:DeepaLearnings.Tests.ErrorValidationTest@1d296da]" started-at="2024-12-10T15:43:38 IST" name="setUp" finished-at="2024-12-10T15:43:40 IST" duration-ms="2496" status="PASS">
          <reporter-output>
          </reporter-output>
        </test-method> <!-- setUp -->
        <test-method signature="ProductValidationTest(java.lang.String,java.lang.String,java.lang.String,java.lang.String)[pri:0, instance:DeepaLearnings.Tests.ErrorValidationTest@1d296da]" started-at="2024-12-10T15:43:40 IST" name="ProductValidationTest" data-provider="ProductValidationTest_Data" finished-at="2024-12-10T15:43:58 IST" duration-ms="17704" status="FAIL">
          <params>
            <param index="0">
              <value>
                <![CDATA[Hemansh@gmail.com]]>
              </value>
            </param>
            <param index="1">
              <value>
                <![CDATA[Kavya@1234]]>
              </value>
            </param>
            <param index="2">
              <value>
                <![CDATA[ZARA COAT 3]]>
              </value>
            </param>
            <param index="3">
              <value>
                <![CDATA[ZARA COAT 33]]>
              </value>
            </param>
          </params>
          <exception class="org.openqa.selenium.ElementClickInterceptedException">
            <message>
              <![CDATA[element click intercepted: Element <button _ngcontent-qvi-c33="" routerlink="/dashboard/cart" class="btn btn-custom" style="margin-top: -10px;" tabindex="0">...</button> is not clickable at point (1284, 27). Other element would receive the click: <div _ngcontent-qvi-c31="" class="ngx-spinner-overlay ng-tns-c31-1 ng-trigger ng-trigger-fadeIn ng-star-inserted ng-animating" style="background-color: rgba(51, 51, 51, 0.8); z-index: 99999; position: fixed;">...</div>
  (Session info: chrome=131.0.6778.109)
Build info: version: '4.23.0', revision: '4df0a231af'
System info: os.name: 'Windows 11', os.arch: 'amd64', os.version: '10.0', java.version: '21.0.4'
Driver info: org.openqa.selenium.chrome.ChromeDriver
Command: [4b768621f53ada064074f53e04af06ea, clickElement {id=f.B56E18B3FF792F245F3DBD26B4BA8C56.d.64E99B008490549E43119C62980B44F9.e.90}]
Capabilities {acceptInsecureCerts: false, browserName: chrome, browserVersion: 131.0.6778.109, chrome: {chromedriverVersion: 131.0.6778.87 (ce31cae94873..., userDataDir: C:\Users\DEEPAG~1\AppData\L...}, fedcm:accounts: true, goog:chromeOptions: {debuggerAddress: localhost:50060}, networkConnectionEnabled: false, pageLoadStrategy: normal, platformName: windows, proxy: Proxy(), se:cdp: ws://localhost:50060/devtoo..., se:cdpVersion: 131.0.6778.109, setWindowRect: true, strictFileInteractability: false, timeouts: {implicit: 0, pageLoad: 300000, script: 30000}, unhandledPromptBehavior: dismiss and notify, webauthn:extension:credBlob: true, webauthn:extension:largeBlob: true, webauthn:extension:minPinLength: true, webauthn:extension:prf: true, webauthn:virtualAuthenticators: true}
Element: [[ChromeDriver: chrome on windows (4b768621f53ada064074f53e04af06ea)] -> css selector: [routerlink*='cart']]
Session ID: 4b768621f53ada064074f53e04af06ea]]>
            </message>
            <full-stacktrace>
              <![CDATA[org.openqa.selenium.ElementClickInterceptedException: element click intercepted: Element <button _ngcontent-qvi-c33="" routerlink="/dashboard/cart" class="btn btn-custom" style="margin-top: -10px;" tabindex="0">...</button> is not clickable at point (1284, 27). Other element would receive the click: <div _ngcontent-qvi-c31="" class="ngx-spinner-overlay ng-tns-c31-1 ng-trigger ng-trigger-fadeIn ng-star-inserted ng-animating" style="background-color: rgba(51, 51, 51, 0.8); z-index: 99999; position: fixed;">...</div>
  (Session info: chrome=131.0.6778.109)
Build info: version: '4.23.0', revision: '4df0a231af'
System info: os.name: 'Windows 11', os.arch: 'amd64', os.version: '10.0', java.version: '21.0.4'
Driver info: org.openqa.selenium.chrome.ChromeDriver
Command: [4b768621f53ada064074f53e04af06ea, clickElement {id=f.B56E18B3FF792F245F3DBD26B4BA8C56.d.64E99B008490549E43119C62980B44F9.e.90}]
Capabilities {acceptInsecureCerts: false, browserName: chrome, browserVersion: 131.0.6778.109, chrome: {chromedriverVersion: 131.0.6778.87 (ce31cae94873..., userDataDir: C:\Users\DEEPAG~1\AppData\L...}, fedcm:accounts: true, goog:chromeOptions: {debuggerAddress: localhost:50060}, networkConnectionEnabled: false, pageLoadStrategy: normal, platformName: windows, proxy: Proxy(), se:cdp: ws://localhost:50060/devtoo..., se:cdpVersion: 131.0.6778.109, setWindowRect: true, strictFileInteractability: false, timeouts: {implicit: 0, pageLoad: 300000, script: 30000}, unhandledPromptBehavior: dismiss and notify, webauthn:extension:credBlob: true, webauthn:extension:largeBlob: true, webauthn:extension:minPinLength: true, webauthn:extension:prf: true, webauthn:virtualAuthenticators: true}
Element: [[ChromeDriver: chrome on windows (4b768621f53ada064074f53e04af06ea)] -> css selector: [routerlink*='cart']]
Session ID: 4b768621f53ada064074f53e04af06ea
at java.base/jdk.internal.reflect.DirectConstructorHandleAccessor.newInstance(DirectConstructorHandleAccessor.java:62)
at java.base/java.lang.reflect.Constructor.newInstanceWithCaller(Constructor.java:502)
at java.base/java.lang.reflect.Constructor.newInstance(Constructor.java:486)
at org.openqa.selenium.remote.ErrorCodec.decode(ErrorCodec.java:167)
at org.openqa.selenium.remote.codec.w3c.W3CHttpResponseCodec.decode(W3CHttpResponseCodec.java:138)
at org.openqa.selenium.remote.codec.w3c.W3CHttpResponseCodec.decode(W3CHttpResponseCodec.java:50)
at org.openqa.selenium.remote.HttpCommandExecutor.execute(HttpCommandExecutor.java:190)
at org.openqa.selenium.remote.service.DriverCommandExecutor.invokeExecute(DriverCommandExecutor.java:216)
at org.openqa.selenium.remote.service.DriverCommandExecutor.execute(DriverCommandExecutor.java:174)
at org.openqa.selenium.remote.RemoteWebDriver.execute(RemoteWebDriver.java:527)
at org.openqa.selenium.remote.RemoteWebElement.execute(RemoteWebElement.java:223)
at org.openqa.selenium.remote.RemoteWebElement.click(RemoteWebElement.java:76)
at DeepaLearnings.PageObjects.BasePage.click(BasePage.java:38)
at DeepaLearnings.PageObjects.HeaderPage.clickOnCart(HeaderPage.java:18)
at DeepaLearnings.PageObjects.ProductCatalogPage.addProductToCart(ProductCatalogPage.java:42)
at DeepaLearnings.Tests.ErrorValidationTest.ProductValidationTest(ErrorValidationTest.java:34)
at java.base/jdk.internal.reflect.DirectMethodHandleAccessor.invoke(DirectMethodHandleAccessor.java:103)
at java.base/java.lang.reflect.Method.invoke(Method.java:580)
at org.testng.internal.invokers.MethodInvocationHelper.invokeMethod(MethodInvocationHelper.java:141)
at org.testng.internal.invokers.TestInvoker.invokeMethod(TestInvoker.java:686)
at org.testng.internal.invokers.TestInvoker.invokeTestMethod(TestInvoker.java:230)
at org.testng.internal.invokers.MethodRunner.runInSequence(MethodRunner.java:63)
at org.testng.internal.invokers.TestInvoker$MethodInvocationAgent.invoke(TestInvoker.java:992)
at org.testng.internal.invokers.TestInvoker.invokeTestMethods(TestInvoker.java:203)
at org.testng.internal.invokers.TestMethodWorker.invokeTestMethods(TestMethodWorker.java:154)
at org.testng.internal.invokers.TestMethodWorker.run(TestMethodWorker.java:134)
at java.base/java.util.concurrent.Executors$RunnableAdapter.call(Executors.java:572)
at java.base/java.util.concurrent.FutureTask.run(FutureTask.java:317)
at org.testng.internal.thread.graph.TestNGFutureTask.run(TestNGFutureTask.java:22)
at java.base/java.util.concurrent.ThreadPoolExecutor.runWorker(ThreadPoolExecutor.java:1144)
at java.base/java.util.concurrent.ThreadPoolExecutor$Worker.run(ThreadPoolExecutor.java:642)
at java.base/java.lang.Thread.run(Thread.java:1583)
]]>
            </full-stacktrace>
          </exception> <!-- org.openqa.selenium.ElementClickInterceptedException -->
          <reporter-output>
          </reporter-output>
        </test-method> <!-- ProductValidationTest -->
        <test-method is-config="true" signature="teardown()[pri:0, instance:DeepaLearnings.Tests.ErrorValidationTest@1d296da]" started-at="2024-12-10T15:43:58 IST" name="teardown" finished-at="2024-12-10T15:43:59 IST" duration-ms="1170" status="PASS">
          <reporter-output>
          </reporter-output>
        </test-method> <!-- teardown -->
      </class> <!-- DeepaLearnings.Tests.ErrorValidationTest -->
    </test> <!-- Test -->
  </suite> <!-- Suite -->
</testng-results>
